<?xml version="1.0" encoding="UTF-8"?>
<!-- Generated by org.testng.reporters.JUnitReportReporter -->
<testsuite ignored="0" hostname="DESKTOP-ISMAEL" failures="0" tests="1" name="loginTestCases.TC05_LoginExcelData" time="1.158" errors="0" timestamp="24 feb. 2024 16:04:48 GMT" skipped="0">
  <testcase classname="loginTestCases.TC05_LoginExcelData" name="TC05" time="1.158"/>
</testsuite> <!-- loginTestCases.TC05_LoginExcelData -->
