<?xml version="1.0" encoding="UTF-8"?>
<!-- Generated by org.testng.reporters.JUnitReportReporter -->
<testsuite ignored="0" hostname="DESKTOP-ISMAEL" failures="0" tests="1" name="loginTestCases.TC02_LoginLockedUser" time="0.539" errors="0" timestamp="24 feb. 2024 14:52:23 GMT" skipped="0">
  <testcase classname="loginTestCases.TC02_LoginLockedUser" name="TC02" time="0.539"/>
</testsuite> <!-- loginTestCases.TC02_LoginLockedUser -->
