<?xml version="1.0" encoding="UTF-8"?>
<!-- Generated by org.testng.reporters.JUnitReportReporter -->
<testsuite ignored="0" hostname="DESKTOP-ISMAEL" failures="0" tests="1" name="loginTestCases.TC02_LoginLockedUser" time="0.489" errors="0" timestamp="17 feb. 2024 16:57:32 GMT" skipped="0">
  <testcase classname="loginTestCases.TC02_LoginLockedUser" name="TC02" time="0.489"/>
</testsuite> <!-- loginTestCases.TC02_LoginLockedUser -->
