<?xml version="1.0" encoding="UTF-8"?>
<!-- Generated by org.testng.reporters.JUnitReportReporter -->
<testsuite ignored="0" hostname="DESKTOP-ISMAEL" failures="0" tests="1" name="loginTestCases.TC01_Login" time="0.354" errors="0" timestamp="15 feb. 2024 03:31:27 GMT" skipped="0">
  <testcase classname="loginTestCases.TC01_Login" name="TC01" time="0.354"/>
</testsuite> <!-- loginTestCases.TC01_Login -->
