<?xml version="1.0" encoding="UTF-8"?>
<!-- Generated by org.testng.reporters.JUnitReportReporter -->
<testsuite ignored="0" hostname="DESKTOP-ISMAEL" failures="0" tests="1" name="prueba2024.Hard_assertions" time="7.149" errors="0" timestamp="14 feb. 2024 22:46:55 GMT" skipped="0">
  <testcase classname="prueba2024.Hard_assertions" name="f" time="7.149"/>
</testsuite> <!-- prueba2024.Hard_assertions -->
