<?xml version="1.0" encoding="UTF-8"?>
<!-- Generated by org.testng.reporters.JUnitReportReporter -->
<testsuite ignored="0" hostname="DESKTOP-ISMAEL" failures="0" tests="1" name="loginTestCases.TC04_LoginJsonData" time="0.382" errors="0" timestamp="24 feb. 2024 14:52:23 GMT" skipped="0">
  <testcase classname="loginTestCases.TC04_LoginJsonData" name="TC04" time="0.382"/>
</testsuite> <!-- loginTestCases.TC04_LoginJsonData -->
