<?xml version="1.0" encoding="UTF-8"?>
<!-- Generated by org.testng.reporters.JUnitReportReporter -->
<testsuite ignored="0" hostname="DESKTOP-ISMAEL" failures="0" tests="1" name="prueba2024.Soft_assert" time="6.843" errors="0" timestamp="14 feb. 2024 23:07:45 GMT" skipped="0">
  <testcase classname="prueba2024.Soft_assert" name="f" time="6.843"/>
</testsuite> <!-- prueba2024.Soft_assert -->
