<?xml version="1.0" encoding="UTF-8"?>
<!-- Generated by org.testng.reporters.JUnitReportReporter -->
<testsuite ignored="0" hostname="DESKTOP-ISMAEL" failures="0" tests="1" name="inventoryTestCases.TC03_VerifyRemoveButton" time="1.102" errors="0" timestamp="24 feb. 2024 16:04:48 GMT" skipped="0">
  <testcase classname="inventoryTestCases.TC03_VerifyRemoveButton" name="TC03" time="1.102"/>
</testsuite> <!-- inventoryTestCases.TC03_VerifyRemoveButton -->
