<?xml version="1.0" encoding="UTF-8"?>
<!-- Generated by org.testng.reporters.JUnitReportReporter -->
<testsuite ignored="0" hostname="DESKTOP-ISMAEL" failures="0" tests="1" name="loginTestCases.TC04_LoginJsonData" time="4.001" errors="0" timestamp="24 feb. 2024 15:52:09 GMT" skipped="0">
  <testcase classname="loginTestCases.TC04_LoginJsonData" name="TC04" time="4.001"/>
</testsuite> <!-- loginTestCases.TC04_LoginJsonData -->
