<?xml version="1.0" encoding="UTF-8"?>
<!-- Generated by org.testng.reporters.JUnitReportReporter -->
<testsuite ignored="0" hostname="DESKTOP-ISMAEL" failures="0" tests="1" name="prueba2024.pruebaTest" time="8.918" errors="0" timestamp="27 ene. 2024 15:51:47 GMT" skipped="0">
  <testcase classname="prueba2024.pruebaTest" name="f" time="8.918"/>
</testsuite> <!-- prueba2024.pruebaTest -->
