<?xml version="1.0" encoding="UTF-8"?>
<!-- Generated by org.testng.reporters.JUnitReportReporter -->
<testsuite ignored="0" hostname="DESKTOP-ISMAEL" failures="0" tests="1" name="prueba2024.pruebaTest" time="6.745" errors="0" timestamp="20 ene. 2024 15:41:14 GMT" skipped="0">
  <testcase classname="prueba2024.pruebaTest" name="f" time="6.745"/>
</testsuite> <!-- prueba2024.pruebaTest -->
